<?xml version="1.0" encoding="UTF-8"?>
<!-- Generated by org.testng.reporters.JUnitReportReporter -->
<testsuite hostname="DESKTOP-B50K3QI" failures="0" tests="2" name="TestngBasics.ContactUsTest" time="20.573" errors="0" timestamp="2024-12-12T10:11:54 EST" skipped="0">
  <testcase classname="TestngBasics.ContactUsTest" name="getContactTitleTest" time="6.740"/>
  <testcase classname="TestngBasics.ContactUsTest" name="sendMessageTest" time="13.833"/>
</testsuite> <!-- TestngBasics.ContactUsTest -->
