<?xml version="1.0" encoding="UTF-8"?>
<!-- Generated by org.testng.reporters.JUnitReportReporter -->
<testsuite hostname="DESKTOP-B50K3QI" failures="0" tests="2" name="TestngBasics.AnnotationsTests" time="7.963" errors="0" timestamp="2024-12-12T10:13:29 EST" skipped="0">
  <testcase classname="TestngBasics.AnnotationsTests" name="searchProduct" time="3.509"/>
  <testcase classname="TestngBasics.AnnotationsTests" name="getSearchProductTitleTest" time="4.454"/>
</testsuite> <!-- TestngBasics.AnnotationsTests -->
