<?xml version="1.0" encoding="UTF-8"?>
<!-- Generated by org.testng.reporters.JUnitReportReporter -->
<testsuite hostname="DESKTOP-B50K3QI" failures="0" tests="5" name="TestngBasics.HomePageTest" time="33.191" errors="0" timestamp="2024-12-12T10:11:54 EST" skipped="0">
  <testcase classname="TestngBasics.HomePageTest" name="getSearchProductTitleTest" time="7.945"/>
  <testcase classname="TestngBasics.HomePageTest" name="loginToAppTest" time="7.264"/>
  <testcase classname="TestngBasics.HomePageTest" name="loginToAppTest" time="6.660"/>
  <testcase classname="TestngBasics.HomePageTest" name="loginToAppTestUsingParameters" time="6.442"/>
  <testcase classname="TestngBasics.HomePageTest" name="getTitleTest" time="4.880"/>
</testsuite> <!-- TestngBasics.HomePageTest -->
