<?xml version="1.0" encoding="UTF-8"?>
<!-- Generated by org.testng.reporters.JUnitReportReporter -->
<testsuite hostname="DESKTOP-B50K3QI" failures="0" tests="2" name="TestngBasics.DataProviderDemoTest" time="0.000" errors="0" timestamp="2024-12-12T08:51:13 EST" skipped="2">
  <testcase classname="TestngBasics.DataProviderDemoTest" name="dataProviderExample" time="0.000">
    <skipped/>
  </testcase> <!-- dataProviderExample -->
  <testcase classname="TestngBasics.DataProviderDemoTest" name="dataProviderExample" time="0.000">
    <skipped/>
  </testcase> <!-- dataProviderExample -->
</testsuite> <!-- TestngBasics.DataProviderDemoTest -->
