<?xml version="1.0" encoding="UTF-8"?>
<!-- Generated by org.testng.reporters.JUnitReportReporter -->
<testsuite hostname="DESKTOP-B50K3QI" failures="0" tests="1" name="TestngBasics.ListenersExampleTest" time="0.000" errors="0" timestamp="2024-12-12T08:51:13 EST" skipped="1">
  <testcase classname="TestngBasics.ListenersExampleTest" name="listenersDemo" time="0.000">
    <skipped/>
  </testcase> <!-- listenersDemo -->
</testsuite> <!-- TestngBasics.ListenersExampleTest -->
