<?xml version="1.0" encoding="UTF-8"?>
<!-- Generated by org.testng.reporters.JUnitReportReporter -->
<testsuite hostname="DESKTOP-B50K3QI" failures="0" tests="4" name="TestngBasics.HomePageTest" time="0.000" errors="0" timestamp="2024-12-12T08:51:13 EST" skipped="4">
  <testcase classname="TestngBasics.HomePageTest" name="loginToAppTestUsingParameters" time="0.000">
    <skipped/>
  </testcase> <!-- loginToAppTestUsingParameters -->
  <testcase classname="TestngBasics.HomePageTest" name="loginToAppTest" time="0.000">
    <skipped/>
  </testcase> <!-- loginToAppTest -->
  <testcase classname="TestngBasics.HomePageTest" name="getTitleTest" time="0.000">
    <skipped/>
  </testcase> <!-- getTitleTest -->
  <testcase classname="TestngBasics.HomePageTest" name="getSearchProductTitleTest" time="0.000">
    <skipped/>
  </testcase> <!-- getSearchProductTitleTest -->
</testsuite> <!-- TestngBasics.HomePageTest -->
